# JRE version: OpenJDK Runtime Environment Temurin-21.0.8+9 (21.0.8+9) (build 21.0.8+9-LTS)
# Java VM: OpenJDK 64-Bit Server VM Temurin-21.0.8+9 (21.0.8+9-LTS, mixed mode, sharing, tiered, compressed oops, compressed class ptrs, parallel gc, windows-amd64)
GC Precious Log:
 CardTable entry size: 512
 CPUs: 32 total, 32 available
 Memory: 32543M
 Large Page Support: Disabled
 NUMA Support: Disabled
 Compressed Oops: Enabled (32-bit)
 Alignments: Space 512K, Generation 512K, Heap 2M
 Heap Min Capacity: 100M
 Heap Initial Capacity: 100M
 Heap Max Capacity: 2G
 Pre-touch: Disabled
 Parallel Workers: 23
Heap:
 PSYoungGen      total 24064K, used 19848K [0x00000000d5580000, 0x00000000d7680000, 0x0000000100000000)
  eden space 23552K, 82% used [0x00000000d5580000,0x00000000d6862150,0x00000000d6c80000)
  from space 512K, 100% used [0x00000000d7400000,0x00000000d7480000,0x00000000d7480000)
  to   space 5120K, 0% used [0x00000000d6c80000,0x00000000d6c80000,0x00000000d7180000)
 ParOldGen       total 865792K, used 865492K [0x0000000080000000, 0x00000000b4d80000, 0x00000000d5580000)
  object space 865792K, 99% used [0x0000000080000000,0x00000000b4d35048,0x00000000b4d80000)
 Metaspace       used 78179K, committed 79808K, reserved 1179648K
  class space    used 8076K, committed 8768K, reserved 1048576K
GC Heap History (20 events):
Event: 3011.061 GC heap before
{Heap before GC invocations=392 (full 4):
 PSYoungGen      total 26624K, used 26593K [0x00000000d5580000, 0x00000000d7f80000, 0x0000000100000000)
  eden space 23552K, 100% used [0x00000000d5580000,0x00000000d6c80000,0x00000000d6c80000)
  from space 3072K, 99% used [0x00000000d7c80000,0x00000000d7f785d8,0x00000000d7f80000)
  to   space 5120K, 0% used [0x00000000d7580000,0x00000000d7580000,0x00000000d7a80000)
 ParOldGen       total 855552K, used 855482K [0x0000000080000000, 0x00000000b4380000, 0x00000000d5580000)
  object space 855552K, 99% used [0x0000000080000000,0x00000000b436e988,0x00000000b4380000)
 Metaspace       used 76024K, committed 77632K, reserved 1179648K
  class space    used 7911K, committed 8576K, reserved 1048576K
}
Event: 3011.063 GC heap after
{Heap after GC invocations=392 (full 4):
 PSYoungGen      total 28672K, used 4800K [0x00000000d5580000, 0x00000000d7d00000, 0x0000000100000000)
  eden space 23552K, 0% used [0x00000000d5580000,0x00000000d5580000,0x00000000d6c80000)
  from space 5120K, 93% used [0x00000000d7580000,0x00000000d7a303a8,0x00000000d7a80000)
  to   space 2560K, 0% used [0x00000000d7a80000,0x00000000d7a80000,0x00000000d7d00000)
 ParOldGen       total 856064K, used 855914K [0x0000000080000000, 0x00000000b4400000, 0x00000000d5580000)
  object space 856064K, 99% used [0x0000000080000000,0x00000000b43da9c8,0x00000000b4400000)
 Metaspace       used 76024K, committed 77632K, reserved 1179648K
  class space    used 7911K, committed 8576K, reserved 1048576K
}
Event: 3028.950 GC heap before
{Heap before GC invocations=393 (full 4):
 PSYoungGen      total 28672K, used 28352K [0x00000000d5580000, 0x00000000d7d00000, 0x0000000100000000)
  eden space 23552K, 100% used [0x00000000d5580000,0x00000000d6c80000,0x00000000d6c80000)
  from space 5120K, 93% used [0x00000000d7580000,0x00000000d7a303a8,0x00000000d7a80000)
  to   space 2560K, 0% used [0x00000000d7a80000,0x00000000d7a80000,0x00000000d7d00000)
 ParOldGen       total 856064K, used 855914K [0x0000000080000000, 0x00000000b4400000, 0x00000000d5580000)
  object space 856064K, 99% used [0x0000000080000000,0x00000000b43da9c8,0x00000000b4400000)
 Metaspace       used 76350K, committed 78016K, reserved 1179648K
  class space    used 7918K, committed 8640K, reserved 1048576K
}
Event: 3028.952 GC heap after
{Heap after GC invocations=393 (full 4):
 PSYoungGen      total 26112K, used 2553K [0x00000000d5580000, 0x00000000d7d00000, 0x0000000100000000)
  eden space 23552K, 0% used [0x00000000d5580000,0x00000000d5580000,0x00000000d6c80000)
  from space 2560K, 99% used [0x00000000d7a80000,0x00000000d7cfe740,0x00000000d7d00000)
  to   space 4608K, 0% used [0x00000000d7400000,0x00000000d7400000,0x00000000d7880000)
 ParOldGen       total 858112K, used 857820K [0x0000000080000000, 0x00000000b4600000, 0x00000000d5580000)
  object space 858112K, 99% used [0x0000000080000000,0x00000000b45b71a0,0x00000000b4600000)
 Metaspace       used 76350K, committed 78016K, reserved 1179648K
  class space    used 7918K, committed 8640K, reserved 1048576K
}
Event: 3047.282 GC heap before
{Heap before GC invocations=394 (full 4):
 PSYoungGen      total 26112K, used 26105K [0x00000000d5580000, 0x00000000d7d00000, 0x0000000100000000)
  eden space 23552K, 100% used [0x00000000d5580000,0x00000000d6c80000,0x00000000d6c80000)
  from space 2560K, 99% used [0x00000000d7a80000,0x00000000d7cfe740,0x00000000d7d00000)
  to   space 4608K, 0% used [0x00000000d7400000,0x00000000d7400000,0x00000000d7880000)
 ParOldGen       total 858112K, used 857820K [0x0000000080000000, 0x00000000b4600000, 0x00000000d5580000)
  object space 858112K, 99% used [0x0000000080000000,0x00000000b45b71a0,0x00000000b4600000)
 Metaspace       used 76389K, committed 78016K, reserved 1179648K
  class space    used 7920K, committed 8640K, reserved 1048576K
}
Event: 3047.285 GC heap after
{Heap after GC invocations=394 (full 4):
 PSYoungGen      total 26112K, used 2457K [0x00000000d5580000, 0x00000000d7b00000, 0x0000000100000000)
  eden space 23552K, 0% used [0x00000000d5580000,0x00000000d5580000,0x00000000d6c80000)
  from space 2560K, 96% used [0x00000000d7400000,0x00000000d7666740,0x00000000d7680000)
  to   space 3584K, 0% used [0x00000000d7780000,0x00000000d7780000,0x00000000d7b00000)
 ParOldGen       total 858624K, used 858292K [0x0000000080000000, 0x00000000b4680000, 0x00000000d5580000)
  object space 858624K, 99% used [0x0000000080000000,0x00000000b462d1a0,0x00000000b4680000)
 Metaspace       used 76389K, committed 78016K, reserved 1179648K
  class space    used 7920K, committed 8640K, reserved 1048576K
}
Event: 3057.685 GC heap before
{Heap before GC invocations=395 (full 4):
 PSYoungGen      total 26112K, used 26009K [0x00000000d5580000, 0x00000000d7b00000, 0x0000000100000000)
  eden space 23552K, 100% used [0x00000000d5580000,0x00000000d6c80000,0x00000000d6c80000)
  from space 2560K, 96% used [0x00000000d7400000,0x00000000d7666740,0x00000000d7680000)
  to   space 3584K, 0% used [0x00000000d7780000,0x00000000d7780000,0x00000000d7b00000)
 ParOldGen       total 858624K, used 858292K [0x0000000080000000, 0x00000000b4680000, 0x00000000d5580000)
  object space 858624K, 99% used [0x0000000080000000,0x00000000b462d1a0,0x00000000b4680000)
 Metaspace       used 76411K, committed 78016K, reserved 1179648K
  class space    used 7920K, committed 8640K, reserved 1048576K
}
Event: 3057.687 GC heap after
{Heap after GC invocations=395 (full 4):
 PSYoungGen      total 26112K, used 2521K [0x00000000d5580000, 0x00000000d7a00000, 0x0000000100000000)
  eden space 23552K, 0% used [0x00000000d5580000,0x00000000d5580000,0x00000000d6c80000)
  from space 2560K, 98% used [0x00000000d7780000,0x00000000d79f6740,0x00000000d7a00000)
  to   space 3072K, 0% used [0x00000000d7400000,0x00000000d7400000,0x00000000d7700000)
 ParOldGen       total 858624K, used 858300K [0x0000000080000000, 0x00000000b4680000, 0x00000000d5580000)
  object space 858624K, 99% used [0x0000000080000000,0x00000000b462f1a0,0x00000000b4680000)
 Metaspace       used 76411K, committed 78016K, reserved 1179648K
  class space    used 7920K, committed 8640K, reserved 1048576K
}
Event: 3083.793 GC heap before
{Heap before GC invocations=396 (full 4):
 PSYoungGen      total 26112K, used 26073K [0x00000000d5580000, 0x00000000d7a00000, 0x0000000100000000)
  eden space 23552K, 100% used [0x00000000d5580000,0x00000000d6c80000,0x00000000d6c80000)
  from space 2560K, 98% used [0x00000000d7780000,0x00000000d79f6740,0x00000000d7a00000)
  to   space 3072K, 0% used [0x00000000d7400000,0x00000000d7400000,0x00000000d7700000)
 ParOldGen       total 858624K, used 858300K [0x0000000080000000, 0x00000000b4680000, 0x00000000d5580000)
  object space 858624K, 99% used [0x0000000080000000,0x00000000b462f1a0,0x00000000b4680000)
 Metaspace       used 76605K, committed 78208K, reserved 1179648K
  class space    used 7932K, committed 8640K, reserved 1048576K
}
Event: 3083.795 GC heap after
{Heap after GC invocations=396 (full 4):
 PSYoungGen      total 26624K, used 3049K [0x00000000d5580000, 0x00000000d7800000, 0x0000000100000000)
  eden space 23552K, 0% used [0x00000000d5580000,0x00000000d5580000,0x00000000d6c80000)
  from space 3072K, 99% used [0x00000000d7400000,0x00000000d76fa750,0x00000000d7700000)
  to   space 1024K, 0% used [0x00000000d7700000,0x00000000d7700000,0x00000000d7800000)
 ParOldGen       total 858624K, used 858316K [0x0000000080000000, 0x00000000b4680000, 0x00000000d5580000)
  object space 858624K, 99% used [0x0000000080000000,0x00000000b46331a0,0x00000000b4680000)
 Metaspace       used 76605K, committed 78208K, reserved 1179648K
  class space    used 7932K, committed 8640K, reserved 1048576K
}
Event: 3088.189 GC heap before
{Heap before GC invocations=397 (full 4):
 PSYoungGen      total 26624K, used 26601K [0x00000000d5580000, 0x00000000d7800000, 0x0000000100000000)
  eden space 23552K, 100% used [0x00000000d5580000,0x00000000d6c80000,0x00000000d6c80000)
  from space 3072K, 99% used [0x00000000d7400000,0x00000000d76fa750,0x00000000d7700000)
  to   space 1024K, 0% used [0x00000000d7700000,0x00000000d7700000,0x00000000d7800000)
 ParOldGen       total 858624K, used 858316K [0x0000000080000000, 0x00000000b4680000, 0x00000000d5580000)
  object space 858624K, 99% used [0x0000000080000000,0x00000000b46331a0,0x00000000b4680000)
 Metaspace       used 76691K, committed 78336K, reserved 1179648K
  class space    used 7933K, committed 8640K, reserved 1048576K
}
Event: 3088.191 GC heap after
{Heap after GC invocations=397 (full 4):
 PSYoungGen      total 24576K, used 1024K [0x00000000d5580000, 0x00000000d7800000, 0x0000000100000000)
  eden space 23552K, 0% used [0x00000000d5580000,0x00000000d5580000,0x00000000d6c80000)
  from space 1024K, 100% used [0x00000000d7700000,0x00000000d7800000,0x00000000d7800000)
  to   space 4608K, 0% used [0x00000000d6f00000,0x00000000d6f00000,0x00000000d7380000)
 ParOldGen       total 861696K, used 861324K [0x0000000080000000, 0x00000000b4980000, 0x00000000d5580000)
  object space 861696K, 99% used [0x0000000080000000,0x00000000b4923088,0x00000000b4980000)
 Metaspace       used 76691K, committed 78336K, reserved 1179648K
  class space    used 7933K, committed 8640K, reserved 1048576K
}
Event: 3090.576 GC heap before
{Heap before GC invocations=398 (full 4):
 PSYoungGen      total 24576K, used 24576K [0x00000000d5580000, 0x00000000d7800000, 0x0000000100000000)
  eden space 23552K, 100% used [0x00000000d5580000,0x00000000d6c80000,0x00000000d6c80000)
  from space 1024K, 100% used [0x00000000d7700000,0x00000000d7800000,0x00000000d7800000)
  to   space 4608K, 0% used [0x00000000d6f00000,0x00000000d6f00000,0x00000000d7380000)
 ParOldGen       total 861696K, used 861324K [0x0000000080000000, 0x00000000b4980000, 0x00000000d5580000)
  object space 861696K, 99% used [0x0000000080000000,0x00000000b4923088,0x00000000b4980000)
 Metaspace       used 77058K, committed 78720K, reserved 1179648K
  class space    used 7935K, committed 8640K, reserved 1048576K
}
Event: 3090.577 GC heap after
{Heap after GC invocations=398 (full 4):
 PSYoungGen      total 28160K, used 2614K [0x00000000d5580000, 0x00000000d7780000, 0x0000000100000000)
  eden space 23552K, 0% used [0x00000000d5580000,0x00000000d5580000,0x00000000d6c80000)
  from space 4608K, 56% used [0x00000000d6f00000,0x00000000d718db90,0x00000000d7380000)
  to   space 3584K, 0% used [0x00000000d7400000,0x00000000d7400000,0x00000000d7780000)
 ParOldGen       total 861696K, used 861460K [0x0000000080000000, 0x00000000b4980000, 0x00000000d5580000)
  object space 861696K, 99% used [0x0000000080000000,0x00000000b4945088,0x00000000b4980000)
 Metaspace       used 77058K, committed 78720K, reserved 1179648K
  class space    used 7935K, committed 8640K, reserved 1048576K
}
Event: 3106.554 GC heap before
{Heap before GC invocations=399 (full 4):
 PSYoungGen      total 28160K, used 26166K [0x00000000d5580000, 0x00000000d7780000, 0x0000000100000000)
  eden space 23552K, 100% used [0x00000000d5580000,0x00000000d6c80000,0x00000000d6c80000)
  from space 4608K, 56% used [0x00000000d6f00000,0x00000000d718db90,0x00000000d7380000)
  to   space 3584K, 0% used [0x00000000d7400000,0x00000000d7400000,0x00000000d7780000)
 ParOldGen       total 861696K, used 861460K [0x0000000080000000, 0x00000000b4980000, 0x00000000d5580000)
  object space 861696K, 99% used [0x0000000080000000,0x00000000b4945088,0x00000000b4980000)
 Metaspace       used 77373K, committed 78976K, reserved 1179648K
  class space    used 7983K, committed 8704K, reserved 1048576K
}
Event: 3106.555 GC heap after
{Heap after GC invocations=399 (full 4):
 PSYoungGen      total 26624K, used 2851K [0x00000000d5580000, 0x00000000d7700000, 0x0000000100000000)
  eden space 23552K, 0% used [0x00000000d5580000,0x00000000d5580000,0x00000000d6c80000)
  from space 3072K, 92% used [0x00000000d7400000,0x00000000d76c8dd0,0x00000000d7700000)
  to   space 3072K, 0% used [0x00000000d7100000,0x00000000d7100000,0x00000000d7400000)
 ParOldGen       total 861696K, used 861468K [0x0000000080000000, 0x00000000b4980000, 0x00000000d5580000)
  object space 861696K, 99% used [0x0000000080000000,0x00000000b4947088,0x00000000b4980000)
 Metaspace       used 77373K, committed 78976K, reserved 1179648K
  class space    used 7983K, committed 8704K, reserved 1048576K
}
Event: 3116.512 GC heap before
{Heap before GC invocations=400 (full 4):
 PSYoungGen      total 26624K, used 25037K [0x00000000d5580000, 0x00000000d7700000, 0x0000000100000000)
  eden space 23552K, 94% used [0x00000000d5580000,0x00000000d6b2a940,0x00000000d6c80000)
  from space 3072K, 92% used [0x00000000d7400000,0x00000000d76c8dd0,0x00000000d7700000)
  to   space 3072K, 0% used [0x00000000d7100000,0x00000000d7100000,0x00000000d7400000)
 ParOldGen       total 861696K, used 861468K [0x0000000080000000, 0x00000000b4980000, 0x00000000d5580000)
  object space 861696K, 99% used [0x0000000080000000,0x00000000b4947088,0x00000000b4980000)
 Metaspace       used 77507K, committed 79104K, reserved 1179648K
  class space    used 7990K, committed 8704K, reserved 1048576K
}
Event: 3116.514 GC heap after
{Heap after GC invocations=400 (full 4):
 PSYoungGen      total 26624K, used 3062K [0x00000000d5580000, 0x00000000d7480000, 0x0000000100000000)
  eden space 23552K, 0% used [0x00000000d5580000,0x00000000d5580000,0x00000000d6c80000)
  from space 3072K, 99% used [0x00000000d7100000,0x00000000d73fdb50,0x00000000d7400000)
  to   space 512K, 0% used [0x00000000d7400000,0x00000000d7400000,0x00000000d7480000)
 ParOldGen       total 861696K, used 861570K [0x0000000080000000, 0x00000000b4980000, 0x00000000d5580000)
  object space 861696K, 99% used [0x0000000080000000,0x00000000b4960828,0x00000000b4980000)
 Metaspace       used 77507K, committed 79104K, reserved 1179648K
  class space    used 7990K, committed 8704K, reserved 1048576K
}
Event: 3116.738 GC heap before
{Heap before GC invocations=401 (full 4):
 PSYoungGen      total 26624K, used 26614K [0x00000000d5580000, 0x00000000d7480000, 0x0000000100000000)
  eden space 23552K, 100% used [0x00000000d5580000,0x00000000d6c80000,0x00000000d6c80000)
  from space 3072K, 99% used [0x00000000d7100000,0x00000000d73fdb50,0x00000000d7400000)
  to   space 512K, 0% used [0x00000000d7400000,0x00000000d7400000,0x00000000d7480000)
 ParOldGen       total 861696K, used 861570K [0x0000000080000000, 0x00000000b4980000, 0x00000000d5580000)
  object space 861696K, 99% used [0x0000000080000000,0x00000000b4960828,0x00000000b4980000)
 Metaspace       used 78017K, committed 79616K, reserved 1179648K
  class space    used 8065K, committed 8768K, reserved 1048576K
}
Event: 3116.741 GC heap after
{Heap after GC invocations=401 (full 4):
 PSYoungGen      total 24064K, used 512K [0x00000000d5580000, 0x00000000d7680000, 0x0000000100000000)
  eden space 23552K, 0% used [0x00000000d5580000,0x00000000d5580000,0x00000000d6c80000)
  from space 512K, 100% used [0x00000000d7400000,0x00000000d7480000,0x00000000d7480000)
  to   space 5120K, 0% used [0x00000000d6c80000,0x00000000d6c80000,0x00000000d7180000)
 ParOldGen       total 865792K, used 865492K [0x0000000080000000, 0x00000000b4d80000, 0x00000000d5580000)
  object space 865792K, 99% used [0x0000000080000000,0x00000000b4d35048,0x00000000b4d80000)
 Metaspace       used 78017K, committed 79616K, reserved 1179648K
  class space    used 8065K, committed 8768K, reserved 1048576K
}

